<?xml version="1.0" encoding="UTF-8"?>
<testsuite name="testRunner.TestRunner" time="0.001" tests="12" errors="0" skipped="0" failures="0">
  <properties>
[...]
</properties>
  <testcase name="Given Open chrome and start application" classname="| Admin123 | admin123 |" time="0.001"/>
  <testcase name="When I enter valid &quot;Admin123&quot; and valid &quot;admin123&quot;" classname="| Admin123 | admin123 |" time="0"/>
  <testcase name="Then Browser should be closed" classname="| Admin123 | admin123 |" time="0"/>
  <testcase name="| Admin123 | admin123 |" classname="| Admin123 | admin123 |" time="0"/>
  <testcase name="Given Open chrome and start application" classname="| Admin456 | admin456 |" time="0"/>
  <testcase name="When I enter valid &quot;Admin456&quot; and valid &quot;admin456&quot;" classname="| Admin456 | admin456 |" time="0"/>
  <testcase name="Then Browser should be closed" classname="| Admin456 | admin456 |" time="0"/>
  <testcase name="| Admin456 | admin456 |" classname="| Admin456 | admin456 |" time="0"/>
  <testcase name="Given Open chrome and start application" classname="| Admin789 | admin789 |" time="0"/>
  <testcase name="When I enter valid &quot;Admin789&quot; and valid &quot;admin789&quot;" classname="| Admin789 | admin789 |" time="0"/>
  <testcase name="Then Browser should be closed" classname="| Admin789 | admin789 |" time="0"/>
  <testcase name="| Admin789 | admin789 |" classname="| Admin789 | admin789 |" time="0"/>
</testsuite>